{"C:\\Users\\Inteli\\Documents\\GitHub\\2024-1B-T14-IN02-G01\\api\\controllers\\DontWantDogsController.js": {"path":"C:\\Users\\Inteli\\Documents\\GitHub\\2024-1B-T14-IN02-G01\\api\\controllers\\DontWantDogsController.js","statementMap":{"0":{"start":{"line":9,"column":0},"end":{"line":52,"column":2}},"1":{"start":{"line":12,"column":4},"end":{"line":20,"column":5}},"2":{"start":{"line":14,"column":26},"end":{"line":14,"column":68}},"3":{"start":{"line":16,"column":6},"end":{"line":16,"column":47}},"4":{"start":{"line":19,"column":6},"end":{"line":19,"column":60}},"5":{"start":{"line":25,"column":4},"end":{"line":33,"column":5}},"6":{"start":{"line":27,"column":27},"end":{"line":27,"column":51}},"7":{"start":{"line":29,"column":6},"end":{"line":29,"column":48}},"8":{"start":{"line":32,"column":6},"end":{"line":32,"column":60}},"9":{"start":{"line":38,"column":4},"end":{"line":50,"column":5}},"10":{"start":{"line":40,"column":26},"end":{"line":40,"column":74}},"11":{"start":{"line":41,"column":6},"end":{"line":44,"column":7}},"12":{"start":{"line":43,"column":8},"end":{"line":43,"column":67}},"13":{"start":{"line":46,"column":6},"end":{"line":46,"column":47}},"14":{"start":{"line":49,"column":6},"end":{"line":49,"column":60}}},"fnMap":{"0":{"name":"(anonymous_0)","decl":{"start":{"line":11,"column":10},"end":{"line":11,"column":11}},"loc":{"start":{"line":11,"column":36},"end":{"line":21,"column":3}},"line":11},"1":{"name":"(anonymous_1)","decl":{"start":{"line":24,"column":8},"end":{"line":24,"column":9}},"loc":{"start":{"line":24,"column":34},"end":{"line":34,"column":3}},"line":24},"2":{"name":"(anonymous_2)","decl":{"start":{"line":37,"column":11},"end":{"line":37,"column":12}},"loc":{"start":{"line":37,"column":37},"end":{"line":51,"column":3}},"line":37}},"branchMap":{"0":{"loc":{"start":{"line":41,"column":6},"end":{"line":44,"column":7}},"type":"if","locations":[{"start":{"line":41,"column":6},"end":{"line":44,"column":7}},{"start":{},"end":{}}],"line":41}},"s":{"0":1,"1":2,"2":2,"3":0,"4":2,"5":2,"6":2,"7":0,"8":2,"9":3,"10":3,"11":0,"12":0,"13":0,"14":3},"f":{"0":2,"1":2,"2":3},"b":{"0":[0,0]},"_coverageSchema":"1a1c01bbd47fc00a2c39e90264f33305004495a9","hash":"52111463b34719046e3c66503fecc71e694231e2"}
,"C:\\Users\\Inteli\\Documents\\GitHub\\2024-1B-T14-IN02-G01\\api\\controllers\\HadDogsController.js": {"path":"C:\\Users\\Inteli\\Documents\\GitHub\\2024-1B-T14-IN02-G01\\api\\controllers\\HadDogsController.js","statementMap":{"0":{"start":{"line":8,"column":0},"end":{"line":51,"column":2}},"1":{"start":{"line":11,"column":4},"end":{"line":19,"column":5}},"2":{"start":{"line":13,"column":21},"end":{"line":13,"column":58}},"3":{"start":{"line":15,"column":6},"end":{"line":15,"column":30}},"4":{"start":{"line":18,"column":6},"end":{"line":18,"column":60}},"5":{"start":{"line":24,"column":4},"end":{"line":32,"column":5}},"6":{"start":{"line":26,"column":21},"end":{"line":26,"column":40}},"7":{"start":{"line":28,"column":6},"end":{"line":28,"column":42}},"8":{"start":{"line":31,"column":6},"end":{"line":31,"column":60}},"9":{"start":{"line":37,"column":4},"end":{"line":49,"column":5}},"10":{"start":{"line":39,"column":21},"end":{"line":39,"column":64}},"11":{"start":{"line":40,"column":6},"end":{"line":43,"column":7}},"12":{"start":{"line":42,"column":8},"end":{"line":42,"column":67}},"13":{"start":{"line":45,"column":6},"end":{"line":45,"column":42}},"14":{"start":{"line":48,"column":6},"end":{"line":48,"column":60}}},"fnMap":{"0":{"name":"(anonymous_0)","decl":{"start":{"line":10,"column":10},"end":{"line":10,"column":11}},"loc":{"start":{"line":10,"column":36},"end":{"line":20,"column":3}},"line":10},"1":{"name":"(anonymous_1)","decl":{"start":{"line":23,"column":8},"end":{"line":23,"column":9}},"loc":{"start":{"line":23,"column":34},"end":{"line":33,"column":3}},"line":23},"2":{"name":"(anonymous_2)","decl":{"start":{"line":36,"column":11},"end":{"line":36,"column":12}},"loc":{"start":{"line":36,"column":37},"end":{"line":50,"column":3}},"line":36}},"branchMap":{"0":{"loc":{"start":{"line":40,"column":6},"end":{"line":43,"column":7}},"type":"if","locations":[{"start":{"line":40,"column":6},"end":{"line":43,"column":7}},{"start":{},"end":{}}],"line":40}},"s":{"0":1,"1":2,"2":2,"3":0,"4":2,"5":2,"6":2,"7":0,"8":2,"9":3,"10":3,"11":0,"12":0,"13":0,"14":3},"f":{"0":2,"1":2,"2":3},"b":{"0":[0,0]},"_coverageSchema":"1a1c01bbd47fc00a2c39e90264f33305004495a9","hash":"34b0c3fa53bca16800f8ad6929c937f0a3ff674e"}
,"C:\\Users\\Inteli\\Documents\\GitHub\\2024-1B-T14-IN02-G01\\api\\controllers\\HaveDogsController.js": {"path":"C:\\Users\\Inteli\\Documents\\GitHub\\2024-1B-T14-IN02-G01\\api\\controllers\\HaveDogsController.js","statementMap":{"0":{"start":{"line":10,"column":0},"end":{"line":41,"column":2}},"1":{"start":{"line":12,"column":4},"end":{"line":18,"column":5}},"2":{"start":{"line":13,"column":21},"end":{"line":13,"column":59}},"3":{"start":{"line":14,"column":6},"end":{"line":14,"column":42}},"4":{"start":{"line":16,"column":6},"end":{"line":16,"column":54}},"5":{"start":{"line":17,"column":6},"end":{"line":17,"column":95}},"6":{"start":{"line":21,"column":4},"end":{"line":27,"column":5}},"7":{"start":{"line":22,"column":19},"end":{"line":22,"column":39}},"8":{"start":{"line":23,"column":6},"end":{"line":23,"column":40}},"9":{"start":{"line":25,"column":6},"end":{"line":25,"column":56}},"10":{"start":{"line":26,"column":6},"end":{"line":26,"column":97}},"11":{"start":{"line":30,"column":4},"end":{"line":39,"column":5}},"12":{"start":{"line":31,"column":18},"end":{"line":31,"column":62}},"13":{"start":{"line":32,"column":6},"end":{"line":34,"column":7}},"14":{"start":{"line":33,"column":8},"end":{"line":33,"column":74}},"15":{"start":{"line":35,"column":6},"end":{"line":35,"column":39}},"16":{"start":{"line":37,"column":6},"end":{"line":37,"column":55}},"17":{"start":{"line":38,"column":6},"end":{"line":38,"column":96}}},"fnMap":{"0":{"name":"(anonymous_0)","decl":{"start":{"line":11,"column":10},"end":{"line":11,"column":11}},"loc":{"start":{"line":11,"column":35},"end":{"line":19,"column":3}},"line":11},"1":{"name":"(anonymous_1)","decl":{"start":{"line":20,"column":8},"end":{"line":20,"column":9}},"loc":{"start":{"line":20,"column":33},"end":{"line":28,"column":3}},"line":20},"2":{"name":"(anonymous_2)","decl":{"start":{"line":29,"column":11},"end":{"line":29,"column":12}},"loc":{"start":{"line":29,"column":36},"end":{"line":40,"column":3}},"line":29}},"branchMap":{"0":{"loc":{"start":{"line":32,"column":6},"end":{"line":34,"column":7}},"type":"if","locations":[{"start":{"line":32,"column":6},"end":{"line":34,"column":7}},{"start":{},"end":{}}],"line":32}},"s":{"0":1,"1":2,"2":2,"3":0,"4":2,"5":2,"6":2,"7":2,"8":0,"9":2,"10":2,"11":3,"12":3,"13":0,"14":0,"15":0,"16":3,"17":3},"f":{"0":2,"1":2,"2":3},"b":{"0":[0,0]},"_coverageSchema":"1a1c01bbd47fc00a2c39e90264f33305004495a9","hash":"e948dc99aee013f72b46657c67612971673aaf9b"}
,"C:\\Users\\Inteli\\Documents\\GitHub\\2024-1B-T14-IN02-G01\\api\\controllers\\ResenhasController.js": {"path":"C:\\Users\\Inteli\\Documents\\GitHub\\2024-1B-T14-IN02-G01\\api\\controllers\\ResenhasController.js","statementMap":{"0":{"start":{"line":8,"column":0},"end":{"line":76,"column":2}},"1":{"start":{"line":11,"column":4},"end":{"line":44,"column":5}},"2":{"start":{"line":13,"column":21},"end":{"line":13,"column":39}},"3":{"start":{"line":14,"column":6},"end":{"line":18,"column":7}},"4":{"start":{"line":15,"column":8},"end":{"line":15,"column":47}},"5":{"start":{"line":17,"column":8},"end":{"line":17,"column":74}},"6":{"start":{"line":21,"column":26},"end":{"line":21,"column":57}},"7":{"start":{"line":24,"column":6},"end":{"line":24,"column":66}},"8":{"start":{"line":27,"column":6},"end":{"line":31,"column":7}},"9":{"start":{"line":28,"column":8},"end":{"line":28,"column":54}},"10":{"start":{"line":30,"column":8},"end":{"line":30,"column":81}},"11":{"start":{"line":34,"column":22},"end":{"line":34,"column":63}},"12":{"start":{"line":37,"column":6},"end":{"line":37,"column":55}},"13":{"start":{"line":39,"column":6},"end":{"line":39,"column":39}},"14":{"start":{"line":42,"column":6},"end":{"line":42,"column":60}},"15":{"start":{"line":43,"column":6},"end":{"line":43,"column":60}},"16":{"start":{"line":49,"column":4},"end":{"line":57,"column":5}},"17":{"start":{"line":51,"column":23},"end":{"line":51,"column":43}},"18":{"start":{"line":53,"column":6},"end":{"line":53,"column":44}},"19":{"start":{"line":56,"column":6},"end":{"line":56,"column":60}},"20":{"start":{"line":62,"column":4},"end":{"line":74,"column":5}},"21":{"start":{"line":64,"column":22},"end":{"line":64,"column":66}},"22":{"start":{"line":65,"column":6},"end":{"line":68,"column":7}},"23":{"start":{"line":67,"column":8},"end":{"line":67,"column":67}},"24":{"start":{"line":70,"column":6},"end":{"line":70,"column":43}},"25":{"start":{"line":73,"column":6},"end":{"line":73,"column":60}}},"fnMap":{"0":{"name":"(anonymous_0)","decl":{"start":{"line":10,"column":10},"end":{"line":10,"column":11}},"loc":{"start":{"line":10,"column":36},"end":{"line":45,"column":3}},"line":10},"1":{"name":"(anonymous_1)","decl":{"start":{"line":48,"column":8},"end":{"line":48,"column":9}},"loc":{"start":{"line":48,"column":34},"end":{"line":58,"column":3}},"line":48},"2":{"name":"(anonymous_2)","decl":{"start":{"line":61,"column":11},"end":{"line":61,"column":12}},"loc":{"start":{"line":61,"column":37},"end":{"line":75,"column":3}},"line":61}},"branchMap":{"0":{"loc":{"start":{"line":14,"column":6},"end":{"line":18,"column":7}},"type":"if","locations":[{"start":{"line":14,"column":6},"end":{"line":18,"column":7}},{"start":{},"end":{}}],"line":14},"1":{"loc":{"start":{"line":27,"column":6},"end":{"line":31,"column":7}},"type":"if","locations":[{"start":{"line":27,"column":6},"end":{"line":31,"column":7}},{"start":{},"end":{}}],"line":27},"2":{"loc":{"start":{"line":65,"column":6},"end":{"line":68,"column":7}},"type":"if","locations":[{"start":{"line":65,"column":6},"end":{"line":68,"column":7}},{"start":{},"end":{}}],"line":65}},"s":{"0":1,"1":2,"2":2,"3":2,"4":1,"5":1,"6":1,"7":1,"8":1,"9":0,"10":0,"11":1,"12":0,"13":0,"14":1,"15":1,"16":0,"17":0,"18":0,"19":0,"20":0,"21":0,"22":0,"23":0,"24":0,"25":0},"f":{"0":2,"1":0,"2":0},"b":{"0":[1,1],"1":[0,1],"2":[0,0]},"_coverageSchema":"1a1c01bbd47fc00a2c39e90264f33305004495a9","hash":"bb511d29d068e14f2918121d5f0efc1d8d41594f"}
,"C:\\Users\\Inteli\\Documents\\GitHub\\2024-1B-T14-IN02-G01\\api\\controllers\\UsersController.js": {"path":"C:\\Users\\Inteli\\Documents\\GitHub\\2024-1B-T14-IN02-G01\\api\\controllers\\UsersController.js","statementMap":{"0":{"start":{"line":8,"column":15},"end":{"line":8,"column":32}},"1":{"start":{"line":9,"column":19},"end":{"line":9,"column":21}},"2":{"start":{"line":11,"column":0},"end":{"line":125,"column":2}},"3":{"start":{"line":14,"column":4},"end":{"line":22,"column":5}},"4":{"start":{"line":16,"column":19},"end":{"line":16,"column":54}},"5":{"start":{"line":18,"column":6},"end":{"line":18,"column":40}},"6":{"start":{"line":21,"column":6},"end":{"line":21,"column":60}},"7":{"start":{"line":27,"column":4},"end":{"line":35,"column":5}},"8":{"start":{"line":29,"column":20},"end":{"line":29,"column":37}},"9":{"start":{"line":31,"column":6},"end":{"line":31,"column":41}},"10":{"start":{"line":34,"column":6},"end":{"line":34,"column":60}},"11":{"start":{"line":40,"column":4},"end":{"line":52,"column":5}},"12":{"start":{"line":42,"column":19},"end":{"line":42,"column":60}},"13":{"start":{"line":43,"column":6},"end":{"line":46,"column":7}},"14":{"start":{"line":45,"column":8},"end":{"line":45,"column":65}},"15":{"start":{"line":48,"column":6},"end":{"line":48,"column":40}},"16":{"start":{"line":51,"column":6},"end":{"line":51,"column":60}},"17":{"start":{"line":57,"column":4},"end":{"line":69,"column":5}},"18":{"start":{"line":59,"column":19},"end":{"line":59,"column":76}},"19":{"start":{"line":60,"column":6},"end":{"line":63,"column":7}},"20":{"start":{"line":62,"column":8},"end":{"line":62,"column":65}},"21":{"start":{"line":65,"column":6},"end":{"line":65,"column":40}},"22":{"start":{"line":68,"column":6},"end":{"line":68,"column":60}},"23":{"start":{"line":74,"column":4},"end":{"line":86,"column":5}},"24":{"start":{"line":75,"column":46},"end":{"line":75,"column":54}},"25":{"start":{"line":77,"column":29},"end":{"line":77,"column":68}},"26":{"start":{"line":79,"column":19},"end":{"line":79,"column":93}},"27":{"start":{"line":81,"column":6},"end":{"line":81,"column":36}},"28":{"start":{"line":85,"column":6},"end":{"line":85,"column":60}},"29":{"start":{"line":91,"column":4},"end":{"line":111,"column":5}},"30":{"start":{"line":92,"column":34},"end":{"line":92,"column":42}},"31":{"start":{"line":94,"column":19},"end":{"line":94,"column":48}},"32":{"start":{"line":95,"column":6},"end":{"line":98,"column":7}},"33":{"start":{"line":97,"column":8},"end":{"line":97,"column":65}},"34":{"start":{"line":99,"column":20},"end":{"line":99,"column":65}},"35":{"start":{"line":100,"column":6},"end":{"line":103,"column":7}},"36":{"start":{"line":102,"column":8},"end":{"line":102,"column":67}},"37":{"start":{"line":105,"column":6},"end":{"line":105,"column":35}},"38":{"start":{"line":107,"column":6},"end":{"line":107,"column":43}},"39":{"start":{"line":110,"column":6},"end":{"line":110,"column":60}},"40":{"start":{"line":117,"column":21},"end":{"line":117,"column":39}},"41":{"start":{"line":118,"column":6},"end":{"line":120,"column":7}},"42":{"start":{"line":119,"column":8},"end":{"line":119,"column":38}},"43":{"start":{"line":123,"column":6},"end":{"line":123,"column":64}}},"fnMap":{"0":{"name":"(anonymous_0)","decl":{"start":{"line":13,"column":10},"end":{"line":13,"column":11}},"loc":{"start":{"line":13,"column":36},"end":{"line":23,"column":3}},"line":13},"1":{"name":"(anonymous_1)","decl":{"start":{"line":26,"column":8},"end":{"line":26,"column":9}},"loc":{"start":{"line":26,"column":34},"end":{"line":36,"column":3}},"line":26},"2":{"name":"(anonymous_2)","decl":{"start":{"line":39,"column":11},"end":{"line":39,"column":12}},"loc":{"start":{"line":39,"column":37},"end":{"line":53,"column":3}},"line":39},"3":{"name":"(anonymous_3)","decl":{"start":{"line":56,"column":10},"end":{"line":56,"column":11}},"loc":{"start":{"line":56,"column":36},"end":{"line":70,"column":3}},"line":56},"4":{"name":"(anonymous_4)","decl":{"start":{"line":73,"column":12},"end":{"line":73,"column":13}},"loc":{"start":{"line":73,"column":38},"end":{"line":87,"column":3}},"line":73},"5":{"name":"(anonymous_5)","decl":{"start":{"line":90,"column":9},"end":{"line":90,"column":10}},"loc":{"start":{"line":90,"column":35},"end":{"line":112,"column":3}},"line":90},"6":{"name":"(anonymous_6)","decl":{"start":{"line":115,"column":20},"end":{"line":115,"column":21}},"loc":{"start":{"line":115,"column":40},"end":{"line":124,"column":3}},"line":115}},"branchMap":{"0":{"loc":{"start":{"line":43,"column":6},"end":{"line":46,"column":7}},"type":"if","locations":[{"start":{"line":43,"column":6},"end":{"line":46,"column":7}},{"start":{},"end":{}}],"line":43},"1":{"loc":{"start":{"line":60,"column":6},"end":{"line":63,"column":7}},"type":"if","locations":[{"start":{"line":60,"column":6},"end":{"line":63,"column":7}},{"start":{},"end":{}}],"line":60},"2":{"loc":{"start":{"line":95,"column":6},"end":{"line":98,"column":7}},"type":"if","locations":[{"start":{"line":95,"column":6},"end":{"line":98,"column":7}},{"start":{},"end":{}}],"line":95},"3":{"loc":{"start":{"line":100,"column":6},"end":{"line":103,"column":7}},"type":"if","locations":[{"start":{"line":100,"column":6},"end":{"line":103,"column":7}},{"start":{},"end":{}}],"line":100},"4":{"loc":{"start":{"line":118,"column":6},"end":{"line":120,"column":7}},"type":"if","locations":[{"start":{"line":118,"column":6},"end":{"line":120,"column":7}},{"start":{},"end":{}}],"line":118}},"s":{"0":1,"1":1,"2":1,"3":1,"4":1,"5":0,"6":1,"7":1,"8":1,"9":0,"10":1,"11":2,"12":2,"13":0,"14":0,"15":0,"16":2,"17":2,"18":2,"19":0,"20":0,"21":0,"22":2,"23":1,"24":1,"25":1,"26":1,"27":0,"28":1,"29":3,"30":3,"31":3,"32":0,"33":0,"34":0,"35":0,"36":0,"37":0,"38":0,"39":3,"40":0,"41":0,"42":0,"43":0},"f":{"0":1,"1":1,"2":2,"3":2,"4":1,"5":3,"6":0},"b":{"0":[0,0],"1":[0,0],"2":[0,0],"3":[0,0],"4":[0,0]},"_coverageSchema":"1a1c01bbd47fc00a2c39e90264f33305004495a9","hash":"f7bac6d3b2396100f6d273ae597b6369f660e975"}
,"C:\\Users\\Inteli\\Documents\\GitHub\\2024-1B-T14-IN02-G01\\api\\controllers\\WantDogsController.js": {"path":"C:\\Users\\Inteli\\Documents\\GitHub\\2024-1B-T14-IN02-G01\\api\\controllers\\WantDogsController.js","statementMap":{"0":{"start":{"line":8,"column":0},"end":{"line":51,"column":2}},"1":{"start":{"line":11,"column":4},"end":{"line":19,"column":5}},"2":{"start":{"line":13,"column":22},"end":{"line":13,"column":60}},"3":{"start":{"line":15,"column":6},"end":{"line":15,"column":43}},"4":{"start":{"line":18,"column":6},"end":{"line":18,"column":60}},"5":{"start":{"line":24,"column":4},"end":{"line":32,"column":5}},"6":{"start":{"line":26,"column":23},"end":{"line":26,"column":43}},"7":{"start":{"line":28,"column":6},"end":{"line":28,"column":44}},"8":{"start":{"line":31,"column":6},"end":{"line":31,"column":60}},"9":{"start":{"line":37,"column":4},"end":{"line":49,"column":5}},"10":{"start":{"line":39,"column":22},"end":{"line":39,"column":66}},"11":{"start":{"line":40,"column":6},"end":{"line":43,"column":7}},"12":{"start":{"line":42,"column":8},"end":{"line":42,"column":67}},"13":{"start":{"line":45,"column":6},"end":{"line":45,"column":43}},"14":{"start":{"line":48,"column":6},"end":{"line":48,"column":60}}},"fnMap":{"0":{"name":"(anonymous_0)","decl":{"start":{"line":10,"column":10},"end":{"line":10,"column":11}},"loc":{"start":{"line":10,"column":36},"end":{"line":20,"column":3}},"line":10},"1":{"name":"(anonymous_1)","decl":{"start":{"line":23,"column":8},"end":{"line":23,"column":9}},"loc":{"start":{"line":23,"column":34},"end":{"line":33,"column":3}},"line":23},"2":{"name":"(anonymous_2)","decl":{"start":{"line":36,"column":11},"end":{"line":36,"column":12}},"loc":{"start":{"line":36,"column":37},"end":{"line":50,"column":3}},"line":36}},"branchMap":{"0":{"loc":{"start":{"line":40,"column":6},"end":{"line":43,"column":7}},"type":"if","locations":[{"start":{"line":40,"column":6},"end":{"line":43,"column":7}},{"start":{},"end":{}}],"line":40}},"s":{"0":1,"1":2,"2":2,"3":0,"4":2,"5":2,"6":2,"7":0,"8":2,"9":3,"10":3,"11":0,"12":0,"13":0,"14":3},"f":{"0":2,"1":2,"2":3},"b":{"0":[0,0]},"_coverageSchema":"1a1c01bbd47fc00a2c39e90264f33305004495a9","hash":"65abd1287934c493694d07179ea42d8d88523237"}
,"C:\\Users\\Inteli\\Documents\\GitHub\\2024-1B-T14-IN02-G01\\api\\models\\Resenha.js": {"path":"C:\\Users\\Inteli\\Documents\\GitHub\\2024-1B-T14-IN02-G01\\api\\models\\Resenha.js","statementMap":{"0":{"start":{"line":8,"column":0},"end":{"line":113,"column":2}}},"fnMap":{},"branchMap":{},"s":{"0":1},"f":{},"b":{},"_coverageSchema":"1a1c01bbd47fc00a2c39e90264f33305004495a9","hash":"b5c38a19d256a14855e46b2b233cbbd1e3e1b32d"}
,"C:\\Users\\Inteli\\Documents\\GitHub\\2024-1B-T14-IN02-G01\\tests\\mocks\\DontWantDog.js": {"path":"C:\\Users\\Inteli\\Documents\\GitHub\\2024-1B-T14-IN02-G01\\tests\\mocks\\DontWantDog.js","statementMap":{"0":{"start":{"line":2,"column":0},"end":{"line":6,"column":4}}},"fnMap":{},"branchMap":{},"s":{"0":1},"f":{},"b":{},"_coverageSchema":"1a1c01bbd47fc00a2c39e90264f33305004495a9","hash":"015f4ef8e7a8f350241583c32045e048469782c8"}
,"C:\\Users\\Inteli\\Documents\\GitHub\\2024-1B-T14-IN02-G01\\tests\\mocks\\HadDog.js": {"path":"C:\\Users\\Inteli\\Documents\\GitHub\\2024-1B-T14-IN02-G01\\tests\\mocks\\HadDog.js","statementMap":{"0":{"start":{"line":2,"column":0},"end":{"line":6,"column":4}}},"fnMap":{},"branchMap":{},"s":{"0":1},"f":{},"b":{},"_coverageSchema":"1a1c01bbd47fc00a2c39e90264f33305004495a9","hash":"72e0ca299e1e4187d1c2ef57f541c36ed2f05e69"}
,"C:\\Users\\Inteli\\Documents\\GitHub\\2024-1B-T14-IN02-G01\\tests\\mocks\\HaveDog.js": {"path":"C:\\Users\\Inteli\\Documents\\GitHub\\2024-1B-T14-IN02-G01\\tests\\mocks\\HaveDog.js","statementMap":{"0":{"start":{"line":2,"column":0},"end":{"line":6,"column":4}}},"fnMap":{},"branchMap":{},"s":{"0":1},"f":{},"b":{},"_coverageSchema":"1a1c01bbd47fc00a2c39e90264f33305004495a9","hash":"8b54b378aef72f7c604efbdae6ae08fea45debc2"}
,"C:\\Users\\Inteli\\Documents\\GitHub\\2024-1B-T14-IN02-G01\\tests\\mocks\\Resenha.js": {"path":"C:\\Users\\Inteli\\Documents\\GitHub\\2024-1B-T14-IN02-G01\\tests\\mocks\\Resenha.js","statementMap":{"0":{"start":{"line":2,"column":0},"end":{"line":6,"column":4}}},"fnMap":{},"branchMap":{},"s":{"0":1},"f":{},"b":{},"_coverageSchema":"1a1c01bbd47fc00a2c39e90264f33305004495a9","hash":"7c84fc72d9b3b4116de9126f7fb8b7d9f6d57bd2"}
,"C:\\Users\\Inteli\\Documents\\GitHub\\2024-1B-T14-IN02-G01\\tests\\mocks\\User.js": {"path":"C:\\Users\\Inteli\\Documents\\GitHub\\2024-1B-T14-IN02-G01\\tests\\mocks\\User.js","statementMap":{"0":{"start":{"line":2,"column":0},"end":{"line":7,"column":4}}},"fnMap":{},"branchMap":{},"s":{"0":1},"f":{},"b":{},"_coverageSchema":"1a1c01bbd47fc00a2c39e90264f33305004495a9","hash":"462e4a801b709ca760e4c7917fa15ad3a8278e72"}
,"C:\\Users\\Inteli\\Documents\\GitHub\\2024-1B-T14-IN02-G01\\tests\\mocks\\WantDog.js": {"path":"C:\\Users\\Inteli\\Documents\\GitHub\\2024-1B-T14-IN02-G01\\tests\\mocks\\WantDog.js","statementMap":{"0":{"start":{"line":2,"column":0},"end":{"line":6,"column":4}}},"fnMap":{},"branchMap":{},"s":{"0":1},"f":{},"b":{},"_coverageSchema":"1a1c01bbd47fc00a2c39e90264f33305004495a9","hash":"aaabb0e0c8d8ad3e1eded6ad88e72fcfe0da5309"}
}
