TN:
SF:api\controllers\DontWantDogsController.js
FN:11,(anonymous_0)
FN:24,(anonymous_1)
FN:37,(anonymous_2)
FNF:3
FNH:3
FNDA:2,(anonymous_0)
FNDA:2,(anonymous_1)
FNDA:3,(anonymous_2)
DA:9,1
DA:12,2
DA:14,2
DA:16,0
DA:19,2
DA:25,2
DA:27,2
DA:29,0
DA:32,2
DA:38,3
DA:40,3
DA:41,0
DA:43,0
DA:46,0
DA:49,3
LF:15
LH:10
BRDA:41,0,0,0
BRDA:41,0,1,0
BRF:2
BRH:0
end_of_record
TN:
SF:api\controllers\HadDogsController.js
FN:10,(anonymous_0)
FN:23,(anonymous_1)
FN:36,(anonymous_2)
FNF:3
FNH:3
FNDA:2,(anonymous_0)
FNDA:2,(anonymous_1)
FNDA:3,(anonymous_2)
DA:8,1
DA:11,2
DA:13,2
DA:15,0
DA:18,2
DA:24,2
DA:26,2
DA:28,0
DA:31,2
DA:37,3
DA:39,3
DA:40,0
DA:42,0
DA:45,0
DA:48,3
LF:15
LH:10
BRDA:40,0,0,0
BRDA:40,0,1,0
BRF:2
BRH:0
end_of_record
TN:
SF:api\controllers\HaveDogsController.js
FN:11,(anonymous_0)
FN:20,(anonymous_1)
FN:29,(anonymous_2)
FNF:3
FNH:3
FNDA:2,(anonymous_0)
FNDA:2,(anonymous_1)
FNDA:3,(anonymous_2)
DA:10,1
DA:12,2
DA:13,2
DA:14,0
DA:16,2
DA:17,2
DA:21,2
DA:22,2
DA:23,0
DA:25,2
DA:26,2
DA:30,3
DA:31,3
DA:32,0
DA:33,0
DA:35,0
DA:37,3
DA:38,3
LF:18
LH:13
BRDA:32,0,0,0
BRDA:32,0,1,0
BRF:2
BRH:0
end_of_record
TN:
SF:api\controllers\ResenhasController.js
FN:10,(anonymous_0)
FN:48,(anonymous_1)
FN:61,(anonymous_2)
FNF:3
FNH:1
FNDA:2,(anonymous_0)
FNDA:0,(anonymous_1)
FNDA:0,(anonymous_2)
DA:8,1
DA:11,2
DA:13,2
DA:14,2
DA:15,1
DA:17,1
DA:21,1
DA:24,1
DA:27,1
DA:28,0
DA:30,0
DA:34,1
DA:37,0
DA:39,0
DA:42,1
DA:43,1
DA:49,0
DA:51,0
DA:53,0
DA:56,0
DA:62,0
DA:64,0
DA:65,0
DA:67,0
DA:70,0
DA:73,0
LF:26
LH:12
BRDA:14,0,0,1
BRDA:14,0,1,1
BRDA:27,1,0,0
BRDA:27,1,1,1
BRDA:65,2,0,0
BRDA:65,2,1,0
BRF:6
BRH:3
end_of_record
TN:
SF:api\controllers\UsersController.js
FN:13,(anonymous_0)
FN:26,(anonymous_1)
FN:39,(anonymous_2)
FN:56,(anonymous_3)
FN:73,(anonymous_4)
FN:90,(anonymous_5)
FN:115,(anonymous_6)
FNF:7
FNH:6
FNDA:1,(anonymous_0)
FNDA:1,(anonymous_1)
FNDA:2,(anonymous_2)
FNDA:2,(anonymous_3)
FNDA:1,(anonymous_4)
FNDA:3,(anonymous_5)
FNDA:0,(anonymous_6)
DA:8,1
DA:9,1
DA:11,1
DA:14,1
DA:16,1
DA:18,0
DA:21,1
DA:27,1
DA:29,1
DA:31,0
DA:34,1
DA:40,2
DA:42,2
DA:43,0
DA:45,0
DA:48,0
DA:51,2
DA:57,2
DA:59,2
DA:60,0
DA:62,0
DA:65,0
DA:68,2
DA:74,1
DA:75,1
DA:77,1
DA:79,1
DA:81,0
DA:85,1
DA:91,3
DA:92,3
DA:94,3
DA:95,0
DA:97,0
DA:99,0
DA:100,0
DA:102,0
DA:105,0
DA:107,0
DA:110,3
DA:117,0
DA:118,0
DA:119,0
DA:123,0
LF:44
LH:24
BRDA:43,0,0,0
BRDA:43,0,1,0
BRDA:60,1,0,0
BRDA:60,1,1,0
BRDA:95,2,0,0
BRDA:95,2,1,0
BRDA:100,3,0,0
BRDA:100,3,1,0
BRDA:118,4,0,0
BRDA:118,4,1,0
BRF:10
BRH:0
end_of_record
TN:
SF:api\controllers\WantDogsController.js
FN:10,(anonymous_0)
FN:23,(anonymous_1)
FN:36,(anonymous_2)
FNF:3
FNH:3
FNDA:2,(anonymous_0)
FNDA:2,(anonymous_1)
FNDA:3,(anonymous_2)
DA:8,1
DA:11,2
DA:13,2
DA:15,0
DA:18,2
DA:24,2
DA:26,2
DA:28,0
DA:31,2
DA:37,3
DA:39,3
DA:40,0
DA:42,0
DA:45,0
DA:48,3
LF:15
LH:10
BRDA:40,0,0,0
BRDA:40,0,1,0
BRF:2
BRH:0
end_of_record
TN:
SF:api\models\Resenha.js
FNF:0
FNH:0
DA:8,1
LF:1
LH:1
BRF:0
BRH:0
end_of_record
TN:
SF:tests\mocks\DontWantDog.js
FNF:0
FNH:0
DA:2,1
LF:1
LH:1
BRF:0
BRH:0
end_of_record
TN:
SF:tests\mocks\HadDog.js
FNF:0
FNH:0
DA:2,1
LF:1
LH:1
BRF:0
BRH:0
end_of_record
TN:
SF:tests\mocks\HaveDog.js
FNF:0
FNH:0
DA:2,1
LF:1
LH:1
BRF:0
BRH:0
end_of_record
TN:
SF:tests\mocks\Resenha.js
FNF:0
FNH:0
DA:2,1
LF:1
LH:1
BRF:0
BRH:0
end_of_record
TN:
SF:tests\mocks\User.js
FNF:0
FNH:0
DA:2,1
LF:1
LH:1
BRF:0
BRH:0
end_of_record
TN:
SF:tests\mocks\WantDog.js
FNF:0
FNH:0
DA:2,1
LF:1
LH:1
BRF:0
BRH:0
end_of_record
